# JRE version: OpenJDK Runtime Environment Temurin-21.0.6+7 (21.0.6+7) (build 21.0.6+7-LTS)
# Java VM: OpenJDK 64-Bit Server VM Temurin-21.0.6+7 (21.0.6+7-LTS, mixed mode, sharing, tiered, compressed oops, compressed class ptrs, parallel gc, windows-amd64)
GC Precious Log:
 CardTable entry size: 512
 CPUs: 16 total, 16 available
 Memory: 16124M
 Large Page Support: Disabled
 NUMA Support: Disabled
 Compressed Oops: Enabled (32-bit)
 Alignments: Space 512K, Generation 512K, Heap 2M
 Heap Min Capacity: 100M
 Heap Initial Capacity: 100M
 Heap Max Capacity: 1G
 Pre-touch: Disabled
 Parallel Workers: 13
Heap:
 PSYoungGen      total 6144K, used 2015K [0x00000000eab00000, 0x00000000eb500000, 0x0000000100000000)
  eden space 5632K, 32% used [0x00000000eab00000,0x00000000eaccfdc8,0x00000000eb080000)
  from space 512K, 31% used [0x00000000eb400000,0x00000000eb428000,0x00000000eb480000)
  to   space 512K, 0% used [0x00000000eb480000,0x00000000eb480000,0x00000000eb500000)
 ParOldGen       total 509952K, used 509510K [0x00000000c0000000, 0x00000000df200000, 0x00000000eab00000)
  object space 509952K, 99% used [0x00000000c0000000,0x00000000df191a78,0x00000000df200000)
 Metaspace       used 65758K, committed 67200K, reserved 1114112K
  class space    used 6706K, committed 7296K, reserved 1048576K
GC Heap History (20 events):
Event: 35.776 GC heap before
{Heap before GC invocations=399 (full 3):
 PSYoungGen      total 7680K, used 7648K [0x00000000eab00000, 0x00000000eb780000, 0x0000000100000000)
  eden space 4608K, 100% used [0x00000000eab00000,0x00000000eaf80000,0x00000000eaf80000)
  from space 3072K, 98% used [0x00000000eaf80000,0x00000000eb278000,0x00000000eb280000)
  to   space 3584K, 0% used [0x00000000eb400000,0x00000000eb400000,0x00000000eb780000)
 ParOldGen       total 487936K, used 487825K [0x00000000c0000000, 0x00000000ddc80000, 0x00000000eab00000)
  object space 487936K, 99% used [0x00000000c0000000,0x00000000ddc647e8,0x00000000ddc80000)
 Metaspace       used 63791K, committed 65216K, reserved 1114112K
  class space    used 6496K, committed 7104K, reserved 1048576K
}
Event: 35.780 GC heap after
{Heap after GC invocations=399 (full 3):
 PSYoungGen      total 8704K, used 2752K [0x00000000eab00000, 0x00000000eb700000, 0x0000000100000000)
  eden space 5632K, 0% used [0x00000000eab00000,0x00000000eab00000,0x00000000eb080000)
  from space 3072K, 89% used [0x00000000eb400000,0x00000000eb6b0000,0x00000000eb700000)
  to   space 3072K, 0% used [0x00000000eb100000,0x00000000eb100000,0x00000000eb400000)
 ParOldGen       total 491008K, used 490713K [0x00000000c0000000, 0x00000000ddf80000, 0x00000000eab00000)
  object space 491008K, 99% used [0x00000000c0000000,0x00000000ddf367e8,0x00000000ddf80000)
 Metaspace       used 63791K, committed 65216K, reserved 1114112K
  class space    used 6496K, committed 7104K, reserved 1048576K
}
Event: 35.828 GC heap before
{Heap before GC invocations=400 (full 3):
 PSYoungGen      total 8704K, used 8384K [0x00000000eab00000, 0x00000000eb700000, 0x0000000100000000)
  eden space 5632K, 100% used [0x00000000eab00000,0x00000000eb080000,0x00000000eb080000)
  from space 3072K, 89% used [0x00000000eb400000,0x00000000eb6b0000,0x00000000eb700000)
  to   space 3072K, 0% used [0x00000000eb100000,0x00000000eb100000,0x00000000eb400000)
 ParOldGen       total 491008K, used 490713K [0x00000000c0000000, 0x00000000ddf80000, 0x00000000eab00000)
  object space 491008K, 99% used [0x00000000c0000000,0x00000000ddf367e8,0x00000000ddf80000)
 Metaspace       used 63850K, committed 65280K, reserved 1114112K
  class space    used 6499K, committed 7104K, reserved 1048576K
}
Event: 35.835 GC heap after
{Heap after GC invocations=400 (full 3):
 PSYoungGen      total 8704K, used 3072K [0x00000000eab00000, 0x00000000ebf80000, 0x0000000100000000)
  eden space 5632K, 0% used [0x00000000eab00000,0x00000000eab00000,0x00000000eb080000)
  from space 3072K, 100% used [0x00000000eb100000,0x00000000eb400000,0x00000000eb400000)
  to   space 7680K, 0% used [0x00000000eb800000,0x00000000eb800000,0x00000000ebf80000)
 ParOldGen       total 494592K, used 494297K [0x00000000c0000000, 0x00000000de300000, 0x00000000eab00000)
  object space 494592K, 99% used [0x00000000c0000000,0x00000000de2b67e8,0x00000000de300000)
 Metaspace       used 63850K, committed 65280K, reserved 1114112K
  class space    used 6499K, committed 7104K, reserved 1048576K
}
Event: 35.860 GC heap before
{Heap before GC invocations=401 (full 3):
 PSYoungGen      total 8704K, used 8704K [0x00000000eab00000, 0x00000000ebf80000, 0x0000000100000000)
  eden space 5632K, 100% used [0x00000000eab00000,0x00000000eb080000,0x00000000eb080000)
  from space 3072K, 100% used [0x00000000eb100000,0x00000000eb400000,0x00000000eb400000)
  to   space 7680K, 0% used [0x00000000eb800000,0x00000000eb800000,0x00000000ebf80000)
 ParOldGen       total 494592K, used 494297K [0x00000000c0000000, 0x00000000de300000, 0x00000000eab00000)
  object space 494592K, 99% used [0x00000000c0000000,0x00000000de2b67e8,0x00000000de300000)
 Metaspace       used 63916K, committed 65344K, reserved 1114112K
  class space    used 6500K, committed 7104K, reserved 1048576K
}
Event: 35.865 GC heap after
{Heap after GC invocations=401 (full 3):
 PSYoungGen      total 10240K, used 4320K [0x00000000eab00000, 0x00000000ebc80000, 0x0000000100000000)
  eden space 5632K, 0% used [0x00000000eab00000,0x00000000eab00000,0x00000000eb080000)
  from space 4608K, 93% used [0x00000000eb800000,0x00000000ebc38000,0x00000000ebc80000)
  to   space 5632K, 0% used [0x00000000eb180000,0x00000000eb180000,0x00000000eb700000)
 ParOldGen       total 497664K, used 497409K [0x00000000c0000000, 0x00000000de600000, 0x00000000eab00000)
  object space 497664K, 99% used [0x00000000c0000000,0x00000000de5c07e8,0x00000000de600000)
 Metaspace       used 63916K, committed 65344K, reserved 1114112K
  class space    used 6500K, committed 7104K, reserved 1048576K
}
Event: 35.886 GC heap before
{Heap before GC invocations=402 (full 3):
 PSYoungGen      total 10240K, used 9952K [0x00000000eab00000, 0x00000000ebc80000, 0x0000000100000000)
  eden space 5632K, 100% used [0x00000000eab00000,0x00000000eb080000,0x00000000eb080000)
  from space 4608K, 93% used [0x00000000eb800000,0x00000000ebc38000,0x00000000ebc80000)
  to   space 5632K, 0% used [0x00000000eb180000,0x00000000eb180000,0x00000000eb700000)
 ParOldGen       total 497664K, used 497409K [0x00000000c0000000, 0x00000000de600000, 0x00000000eab00000)
  object space 497664K, 99% used [0x00000000c0000000,0x00000000de5c07e8,0x00000000de600000)
 Metaspace       used 63937K, committed 65344K, reserved 1114112K
  class space    used 6502K, committed 7104K, reserved 1048576K
}
Event: 35.892 GC heap after
{Heap after GC invocations=402 (full 3):
 PSYoungGen      total 10240K, used 4416K [0x00000000eab00000, 0x00000000eb980000, 0x0000000100000000)
  eden space 5632K, 0% used [0x00000000eab00000,0x00000000eab00000,0x00000000eb080000)
  from space 4608K, 95% used [0x00000000eb180000,0x00000000eb5d0000,0x00000000eb600000)
  to   space 3584K, 0% used [0x00000000eb600000,0x00000000eb600000,0x00000000eb980000)
 ParOldGen       total 501760K, used 501537K [0x00000000c0000000, 0x00000000dea00000, 0x00000000eab00000)
  object space 501760K, 99% used [0x00000000c0000000,0x00000000de9c87e8,0x00000000dea00000)
 Metaspace       used 63937K, committed 65344K, reserved 1114112K
  class space    used 6502K, committed 7104K, reserved 1048576K
}
Event: 36.000 GC heap before
{Heap before GC invocations=403 (full 3):
 PSYoungGen      total 10240K, used 10043K [0x00000000eab00000, 0x00000000eb980000, 0x0000000100000000)
  eden space 5632K, 99% used [0x00000000eab00000,0x00000000eb07ee48,0x00000000eb080000)
  from space 4608K, 95% used [0x00000000eb180000,0x00000000eb5d0000,0x00000000eb600000)
  to   space 3584K, 0% used [0x00000000eb600000,0x00000000eb600000,0x00000000eb980000)
 ParOldGen       total 501760K, used 501537K [0x00000000c0000000, 0x00000000dea00000, 0x00000000eab00000)
  object space 501760K, 99% used [0x00000000c0000000,0x00000000de9c87e8,0x00000000dea00000)
 Metaspace       used 64109K, committed 65536K, reserved 1114112K
  class space    used 6519K, committed 7168K, reserved 1048576K
}
Event: 36.006 GC heap after
{Heap after GC invocations=403 (full 3):
 PSYoungGen      total 9216K, used 3136K [0x00000000eab00000, 0x00000000eb980000, 0x0000000100000000)
  eden space 5632K, 0% used [0x00000000eab00000,0x00000000eab00000,0x00000000eb080000)
  from space 3584K, 87% used [0x00000000eb600000,0x00000000eb910000,0x00000000eb980000)
  to   space 4096K, 0% used [0x00000000eb180000,0x00000000eb180000,0x00000000eb580000)
 ParOldGen       total 505856K, used 505745K [0x00000000c0000000, 0x00000000dee00000, 0x00000000eab00000)
  object space 505856K, 99% used [0x00000000c0000000,0x00000000dede47e8,0x00000000dee00000)
 Metaspace       used 64109K, committed 65536K, reserved 1114112K
  class space    used 6519K, committed 7168K, reserved 1048576K
}
Event: 36.215 GC heap before
{Heap before GC invocations=404 (full 3):
 PSYoungGen      total 9216K, used 8768K [0x00000000eab00000, 0x00000000eb980000, 0x0000000100000000)
  eden space 5632K, 100% used [0x00000000eab00000,0x00000000eb080000,0x00000000eb080000)
  from space 3584K, 87% used [0x00000000eb600000,0x00000000eb910000,0x00000000eb980000)
  to   space 4096K, 0% used [0x00000000eb180000,0x00000000eb180000,0x00000000eb580000)
 ParOldGen       total 505856K, used 505745K [0x00000000c0000000, 0x00000000dee00000, 0x00000000eab00000)
  object space 505856K, 99% used [0x00000000c0000000,0x00000000dede47e8,0x00000000dee00000)
 Metaspace       used 64516K, committed 65920K, reserved 1114112K
  class space    used 6563K, committed 7168K, reserved 1048576K
}
Event: 36.219 GC heap after
{Heap after GC invocations=404 (full 3):
 PSYoungGen      total 7168K, used 1131K [0x00000000eab00000, 0x00000000eb680000, 0x0000000100000000)
  eden space 5632K, 0% used [0x00000000eab00000,0x00000000eab00000,0x00000000eb080000)
  from space 1536K, 73% used [0x00000000eb180000,0x00000000eb29aee8,0x00000000eb300000)
  to   space 2048K, 0% used [0x00000000eb480000,0x00000000eb480000,0x00000000eb680000)
 ParOldGen       total 508928K, used 508697K [0x00000000c0000000, 0x00000000df100000, 0x00000000eab00000)
  object space 508928K, 99% used [0x00000000c0000000,0x00000000df0c67e8,0x00000000df100000)
 Metaspace       used 64516K, committed 65920K, reserved 1114112K
  class space    used 6563K, committed 7168K, reserved 1048576K
}
Event: 36.591 GC heap before
{Heap before GC invocations=405 (full 3):
 PSYoungGen      total 7168K, used 6763K [0x00000000eab00000, 0x00000000eb680000, 0x0000000100000000)
  eden space 5632K, 100% used [0x00000000eab00000,0x00000000eb080000,0x00000000eb080000)
  from space 1536K, 73% used [0x00000000eb180000,0x00000000eb29aee8,0x00000000eb300000)
  to   space 2048K, 0% used [0x00000000eb480000,0x00000000eb480000,0x00000000eb680000)
 ParOldGen       total 508928K, used 508697K [0x00000000c0000000, 0x00000000df100000, 0x00000000eab00000)
  object space 508928K, 99% used [0x00000000c0000000,0x00000000df0c67e8,0x00000000df100000)
 Metaspace       used 65265K, committed 66688K, reserved 1114112K
  class space    used 6671K, committed 7296K, reserved 1048576K
}
Event: 36.594 GC heap after
{Heap after GC invocations=405 (full 3):
 PSYoungGen      total 6144K, used 416K [0x00000000eab00000, 0x00000000eb500000, 0x0000000100000000)
  eden space 5632K, 0% used [0x00000000eab00000,0x00000000eab00000,0x00000000eb080000)
  from space 512K, 81% used [0x00000000eb480000,0x00000000eb4e8000,0x00000000eb500000)
  to   space 1024K, 0% used [0x00000000eb300000,0x00000000eb300000,0x00000000eb400000)
 ParOldGen       total 509440K, used 508937K [0x00000000c0000000, 0x00000000df180000, 0x00000000eab00000)
  object space 509440K, 99% used [0x00000000c0000000,0x00000000df1027e8,0x00000000df180000)
 Metaspace       used 65265K, committed 66688K, reserved 1114112K
  class space    used 6671K, committed 7296K, reserved 1048576K
}
Event: 36.733 GC heap before
{Heap before GC invocations=406 (full 3):
 PSYoungGen      total 6144K, used 6048K [0x00000000eab00000, 0x00000000eb500000, 0x0000000100000000)
  eden space 5632K, 100% used [0x00000000eab00000,0x00000000eb080000,0x00000000eb080000)
  from space 512K, 81% used [0x00000000eb480000,0x00000000eb4e8000,0x00000000eb500000)
  to   space 1024K, 0% used [0x00000000eb300000,0x00000000eb300000,0x00000000eb400000)
 ParOldGen       total 509440K, used 508937K [0x00000000c0000000, 0x00000000df180000, 0x00000000eab00000)
  object space 509440K, 99% used [0x00000000c0000000,0x00000000df1027e8,0x00000000df180000)
 Metaspace       used 65446K, committed 66880K, reserved 1114112K
  class space    used 6693K, committed 7296K, reserved 1048576K
}
Event: 36.734 GC heap after
{Heap after GC invocations=406 (full 3):
 PSYoungGen      total 6656K, used 320K [0x00000000eab00000, 0x00000000eb500000, 0x0000000100000000)
  eden space 5632K, 0% used [0x00000000eab00000,0x00000000eab00000,0x00000000eb080000)
  from space 1024K, 31% used [0x00000000eb300000,0x00000000eb350000,0x00000000eb400000)
  to   space 512K, 0% used [0x00000000eb480000,0x00000000eb480000,0x00000000eb500000)
 ParOldGen       total 509440K, used 509209K [0x00000000c0000000, 0x00000000df180000, 0x00000000eab00000)
  object space 509440K, 99% used [0x00000000c0000000,0x00000000df1467e8,0x00000000df180000)
 Metaspace       used 65446K, committed 66880K, reserved 1114112K
  class space    used 6693K, committed 7296K, reserved 1048576K
}
Event: 85.301 GC heap before
{Heap before GC invocations=407 (full 3):
 PSYoungGen      total 6656K, used 5949K [0x00000000eab00000, 0x00000000eb500000, 0x0000000100000000)
  eden space 5632K, 99% used [0x00000000eab00000,0x00000000eb07f738,0x00000000eb080000)
  from space 1024K, 31% used [0x00000000eb300000,0x00000000eb350000,0x00000000eb400000)
  to   space 512K, 0% used [0x00000000eb480000,0x00000000eb480000,0x00000000eb500000)
 ParOldGen       total 509440K, used 509209K [0x00000000c0000000, 0x00000000df180000, 0x00000000eab00000)
  object space 509440K, 99% used [0x00000000c0000000,0x00000000df1467e8,0x00000000df180000)
 Metaspace       used 65618K, committed 67072K, reserved 1114112K
  class space    used 6706K, committed 7296K, reserved 1048576K
}
Event: 85.305 GC heap after
{Heap after GC invocations=407 (full 3):
 PSYoungGen      total 6144K, used 448K [0x00000000eab00000, 0x00000000eb500000, 0x0000000100000000)
  eden space 5632K, 0% used [0x00000000eab00000,0x00000000eab00000,0x00000000eb080000)
  from space 512K, 87% used [0x00000000eb480000,0x00000000eb4f0000,0x00000000eb500000)
  to   space 512K, 0% used [0x00000000eb400000,0x00000000eb400000,0x00000000eb480000)
 ParOldGen       total 509440K, used 509289K [0x00000000c0000000, 0x00000000df180000, 0x00000000eab00000)
  object space 509440K, 99% used [0x00000000c0000000,0x00000000df15a7e8,0x00000000df180000)
 Metaspace       used 65618K, committed 67072K, reserved 1114112K
  class space    used 6706K, committed 7296K, reserved 1048576K
}
Event: 85.354 GC heap before
{Heap before GC invocations=408 (full 3):
 PSYoungGen      total 6144K, used 6080K [0x00000000eab00000, 0x00000000eb500000, 0x0000000100000000)
  eden space 5632K, 100% used [0x00000000eab00000,0x00000000eb080000,0x00000000eb080000)
  from space 512K, 87% used [0x00000000eb480000,0x00000000eb4f0000,0x00000000eb500000)
  to   space 512K, 0% used [0x00000000eb400000,0x00000000eb400000,0x00000000eb480000)
 ParOldGen       total 509440K, used 509289K [0x00000000c0000000, 0x00000000df180000, 0x00000000eab00000)
  object space 509440K, 99% used [0x00000000c0000000,0x00000000df15a7e8,0x00000000df180000)
 Metaspace       used 65742K, committed 67200K, reserved 1114112K
  class space    used 6706K, committed 7296K, reserved 1048576K
}
Event: 85.355 GC heap after
{Heap after GC invocations=408 (full 3):
 PSYoungGen      total 6144K, used 160K [0x00000000eab00000, 0x00000000eb500000, 0x0000000100000000)
  eden space 5632K, 0% used [0x00000000eab00000,0x00000000eab00000,0x00000000eb080000)
  from space 512K, 31% used [0x00000000eb400000,0x00000000eb428000,0x00000000eb480000)
  to   space 512K, 0% used [0x00000000eb480000,0x00000000eb480000,0x00000000eb500000)
 ParOldGen       total 509952K, used 509510K [0x00000000c0000000, 0x00000000df200000, 0x00000000eab00000)
  object space 509952K, 99% used [0x00000000c0000000,0x00000000df191a78,0x00000000df200000)
 Metaspace       used 65742K, committed 67200K, reserved 1114112K
  class space    used 6706K, committed 7296K, reserved 1048576K
}

